<?xml version="1.0" encoding="UTF-8"?>
<!-- Generated by org.testng.reporters.JUnitReportReporter -->
<testsuite hostname="LNAR-5CG0082QSX" failures="0" tests="1" name="com.dollardays.testcases.TC_DDTotalLinks" time="27.502" errors="0" timestamp="2021-01-26T03:27:26 CST" skipped="0">
  <testcase classname="com.dollardays.testcases.TC_DDTotalLinks" name="totalLinks" time="27.502"/>
  <system-out/>
</testsuite> <!-- com.dollardays.testcases.TC_DDTotalLinks -->
