<?xml version="1.0" encoding="UTF-8"?>
<!-- Generated by org.testng.reporters.JUnitReportReporter -->
<testsuite hostname="LNAR-5CG0082QSX" failures="0" tests="8" name="com.dollardays.testcases.TC_Wishlist" time="473.148" errors="0" timestamp="2021-01-26T02:20:47 CST" skipped="0">
  <testcase classname="com.dollardays.testcases.TC_Wishlist" name="wishlistTest_1" time="52.777"/>
  <system-out/>
  <testcase classname="com.dollardays.testcases.TC_Wishlist" name="wishlistTest_2" time="37.314"/>
  <system-out/>
  <testcase classname="com.dollardays.testcases.TC_Wishlist" name="wishlistTest_2" time="36.706"/>
  <system-out/>
  <testcase classname="com.dollardays.testcases.TC_Wishlist" name="wishlistTest_2" time="37.285"/>
  <system-out/>
  <testcase classname="com.dollardays.testcases.TC_Wishlist" name="wishlistTest_2" time="123.911"/>
  <system-out/>
  <testcase classname="com.dollardays.testcases.TC_Wishlist" name="wishlistTest_3" time="36.841"/>
  <system-out/>
  <testcase classname="com.dollardays.testcases.TC_Wishlist" name="wishlistTest_4" time="34.737"/>
  <system-out/>
  <testcase classname="com.dollardays.testcases.TC_Wishlist" name="wishlistTest_5" time="113.577"/>
  <system-out/>
</testsuite> <!-- com.dollardays.testcases.TC_Wishlist -->
