<?xml version="1.0" encoding="UTF-8"?>
<!-- Generated by org.testng.reporters.JUnitReportReporter -->
<testsuite hostname="LNAR-5CG0082QSX" failures="0" tests="1" name="com.dollardays.testcases.HomePage_TotalLinks" time="24.965" errors="0" timestamp="2021-01-18T15:50:55 CST" skipped="0">
  <testcase classname="com.dollardays.testcases.HomePage_TotalLinks" name="totalLinks" time="24.965"/>
  <system-out/>
</testsuite> <!-- com.dollardays.testcases.HomePage_TotalLinks -->
